<?xml version="1.0" encoding="UTF-8"?>
<!-- Generated by org.testng.reporters.JUnitReportReporter -->
<testsuite hostname="MacKavitha.attlocal.net" failures="0" tests="3" name="tests.LoginTest" time="24.100" errors="0" timestamp="2024-07-29T12:28:47 PDT" skipped="0">
  <testcase classname="tests.LoginTest" name="testLogin" time="6.304"/>
  <system-out/>
  <testcase classname="tests.LoginTest" name="testLogin" time="12.375"/>
  <system-out/>
  <testcase classname="tests.LoginTest" name="testLogin" time="5.421"/>
  <system-out/>
</testsuite> <!-- tests.LoginTest -->
