<?xml version="1.0" encoding="UTF-8"?>
<!-- Generated by org.testng.reporters.JUnitReportReporter -->
<testsuite hostname="MacKavitha.attlocal.net" failures="0" tests="1" name="tests.LoginTest" time="16.636" errors="0" timestamp="2024-07-29T20:55:39 PDT" skipped="0">
  <testcase classname="tests.LoginTest" name="testLogin" time="16.636"/>
  <system-out/>
</testsuite> <!-- tests.LoginTest -->
